<?xml version="1.0" encoding="UTF-8"?>
<!-- Generated by org.testng.reporters.JUnitXMLReporter -->
<testsuite ignored="0" hostname="DESKTOP-FAU8SHO" failures="1" tests="10" name="Test" time="0.033" errors="0" timestamp="07 Oct. 2021 23:20:25 GMT">
  <testcase classname="selenium.Testing1" name="test1" time="0.0"/>
  <testcase classname="selenium.Testing1" name="test1" time="0.0"/>
  <testcase classname="selenium.Testing1" name="test2" time="0.0"/>
  <testcase classname="selenium.Testing1" name="test3" time="0.0"/>
  <testcase classname="selenium.Testing1" name="testDataProvider" time="0.001"/>
  <testcase classname="selenium.Testing1" name="testDataProvider" time="0.0"/>
  <testcase classname="selenium.Testing2" name="test4" time="0.001"/>
  <testcase classname="selenium.Testing3" name="createuser" time="0.002"/>
  <testcase classname="selenium.Testing3" name="edituser" time="0.002">
    <failure type="java.lang.AssertionError" message="The following asserts failed:
	Verifying Element expected [true] but found [false]">
      <![CDATA[java.lang.AssertionError: The following asserts failed:
Verifying Element expected [true] but found [false]
at selenium.Testing3.edituser(Testing3.java:26)
... Removed 25 stack frames]]>
    </failure>
  </testcase> <!-- edituser -->
  <testcase classname="selenium.Testing3" name="deleteuser" time="0.0">
    <skipped/>
  </testcase> <!-- deleteuser -->
</testsuite> <!-- Test -->
